<?xml version="1.0" encoding="UTF-8"?>
<testsuite xmlns:xsi="http://www.w3.org/2001/XMLSchema-instance" xsi:noNamespaceSchemaLocation="https://maven.apache.org/surefire/maven-surefire-plugin/xsd/surefire-test-report-3.0.xsd" version="3.0" name="com.tripleng.RealTime.Chat.App.RealTimeChatAppApplicationTests" time="2.147" tests="1" errors="0" skipped="0" failures="0">
  <properties>
[...]
</properties>
  <testcase name="contextLoads" classname="com.tripleng.RealTime.Chat.App.RealTimeChatAppApplicationTests" time="0.609">
    <system-out><![CDATA[01:18:35.318 [main] INFO org.springframework.test.context.support.AnnotationConfigContextLoaderUtils -- Could not detect default configuration classes for test class [com.tripleng.RealTime.Chat.App.RealTimeChatAppApplicationTests]: RealTimeChatAppApplicationTests does not declare any static, non-private, non-final, nested classes annotated with @Configuration.
01:18:35.399 [main] INFO org.springframework.boot.test.context.SpringBootTestContextBootstrapper -- Found @SpringBootConfiguration com.tripleng.RealTime.Chat.App.RealTimeChatAppApplication for test class com.tripleng.RealTime.Chat.App.RealTimeChatAppApplicationTests

  .   ____          _            __ _ _
 /\\ / ___'_ __ _ _(_)_ __  __ _ \ \ \ \
( ( )\___ | '_ | '_| | '_ \/ _` | \ \ \ \
 \\/  ___)| |_)| | | | | || (_| |  ) ) ) )
  '  |____| .__|_| |_|_| |_\__, | / / / /
 =========|_|==============|___/=/_/_/_/
 :: Spring Boot ::               (v3.1.10)

2024-03-27T01:18:35.742+07:00  INFO 15540 --- [           main] .t.R.C.A.RealTimeChatAppApplicationTests : Starting RealTimeChatAppApplicationTests using Java 17.0.10 with PID 15540 (started by Admin in D:\Workspace\Study\Code\Real-Time-Chat-App)
2024-03-27T01:18:35.743+07:00  INFO 15540 --- [           main] .t.R.C.A.RealTimeChatAppApplicationTests : No active profile set, falling back to 1 default profile: "default"
2024-03-27T01:18:36.609+07:00  INFO 15540 --- [           main] o.s.b.a.w.s.WelcomePageHandlerMapping    : Adding welcome page: class path resource [static/index.html]
2024-03-27T01:18:36.689+07:00  INFO 15540 --- [           main] o.s.m.s.b.SimpleBrokerMessageHandler     : Starting...
2024-03-27T01:18:36.694+07:00  INFO 15540 --- [           main] o.s.m.s.b.SimpleBrokerMessageHandler     : BrokerAvailabilityEvent[available=true, SimpleBrokerMessageHandler [org.springframework.messaging.simp.broker.DefaultSubscriptionRegistry@63300c4b]]
2024-03-27T01:18:36.694+07:00  INFO 15540 --- [           main] o.s.m.s.b.SimpleBrokerMessageHandler     : Started.
2024-03-27T01:18:36.700+07:00  INFO 15540 --- [           main] .t.R.C.A.RealTimeChatAppApplicationTests : Started RealTimeChatAppApplicationTests in 1.185 seconds (process running for 1.936)
]]></system-out>
  </testcase>
</testsuite>